# JRE version: OpenJDK Runtime Environment (7.0_65-b32) (build 1.7.0_65-b32)
# Java VM: OpenJDK 64-Bit Server VM (24.65-b04 mixed mode linux-amd64 compressed oops)
Heap
 PSYoungGen      total 155648K, used 0K [0x00000000f2200000, 0x0000000100000000, 0x0000000100000000)
  eden space 83968K, 0% used [0x00000000f2200000,0x00000000f2200000,0x00000000f7400000)
  from space 71680K, 0% used [0x00000000f7400000,0x00000000f7400000,0x00000000fba00000)
  to   space 71680K, 0% used [0x00000000fba00000,0x00000000fba00000,0x0000000100000000)
 ParOldGen       total 202240K, used 177815K [0x00000000d6600000, 0x00000000e2b80000, 0x00000000f2200000)
  object space 202240K, 87% used [0x00000000d6600000,0x00000000e13a5da0,0x00000000e2b80000)
 PSPermGen       total 147968K, used 108382K [0x00000000cc000000, 0x00000000d5080000, 0x00000000d6600000)
  object space 147968K, 73% used [0x00000000cc000000,0x00000000d29d7998,0x00000000d5080000)
GC Heap History (10 events):
Event: 180461.456 GC heap after
Heap after GC invocations=1610 (full 9):
 PSYoungGen      total 151040K, used 48640K [0x00000000f2200000, 0x0000000100000000, 0x0000000100000000)
  eden space 77824K, 0% used [0x00000000f2200000,0x00000000f2200000,0x00000000f6e00000)
  from space 73216K, 66% used [0x00000000f6e00000,0x00000000f9d80000,0x00000000fb580000)
  to   space 73216K, 0% used [0x00000000fb880000,0x00000000fb880000,0x0000000100000000)
 ParOldGen       total 202240K, used 173174K [0x00000000d6600000, 0x00000000e2b80000, 0x00000000f2200000)
  object space 202240K, 85% used [0x00000000d6600000,0x00000000e0f1d988,0x00000000e2b80000)
 PSPermGen       total 147968K, used 108388K [0x00000000cc000000, 0x00000000d5080000, 0x00000000d6600000)
  object space 147968K, 73% used [0x00000000cc000000,0x00000000d29d92e8,0x00000000d5080000)
}
Event: 180462.530 GC heap before
{Heap before GC invocations=1611 (full 9):
 PSYoungGen      total 151040K, used 126464K [0x00000000f2200000, 0x0000000100000000, 0x0000000100000000)
  eden space 77824K, 100% used [0x00000000f2200000,0x00000000f6e00000,0x00000000f6e00000)
  from space 73216K, 66% used [0x00000000f6e00000,0x00000000f9d80000,0x00000000fb580000)
  to   space 73216K, 0% used [0x00000000fb880000,0x00000000fb880000,0x0000000100000000)
 ParOldGen       total 202240K, used 173174K [0x00000000d6600000, 0x00000000e2b80000, 0x00000000f2200000)
  object space 202240K, 85% used [0x00000000d6600000,0x00000000e0f1d988,0x00000000e2b80000)
 PSPermGen       total 147968K, used 108388K [0x00000000cc000000, 0x00000000d5080000, 0x00000000d6600000)
  object space 147968K, 73% used [0x00000000cc000000,0x00000000d29d92e8,0x00000000d5080000)
Event: 180462.636 GC heap after
Heap after GC invocations=1611 (full 9):
 PSYoungGen      total 151040K, used 46592K [0x00000000f2200000, 0x00000000ffd00000, 0x0000000100000000)
  eden space 80896K, 0% used [0x00000000f2200000,0x00000000f2200000,0x00000000f7100000)
  from space 70144K, 66% used [0x00000000fb880000,0x00000000fe600000,0x00000000ffd00000)
  to   space 71680K, 0% used [0x00000000f7100000,0x00000000f7100000,0x00000000fb700000)
 ParOldGen       total 202240K, used 180698K [0x00000000d6600000, 0x00000000e2b80000, 0x00000000f2200000)
  object space 202240K, 89% used [0x00000000d6600000,0x00000000e16768f0,0x00000000e2b80000)
 PSPermGen       total 147968K, used 108388K [0x00000000cc000000, 0x00000000d5080000, 0x00000000d6600000)
  object space 147968K, 73% used [0x00000000cc000000,0x00000000d29d92e8,0x00000000d5080000)
}
Event: 180463.560 GC heap before
{Heap before GC invocations=1612 (full 9):
 PSYoungGen      total 151040K, used 127488K [0x00000000f2200000, 0x00000000ffd00000, 0x0000000100000000)
  eden space 80896K, 100% used [0x00000000f2200000,0x00000000f7100000,0x00000000f7100000)
  from space 70144K, 66% used [0x00000000fb880000,0x00000000fe600000,0x00000000ffd00000)
  to   space 71680K, 0% used [0x00000000f7100000,0x00000000f7100000,0x00000000fb700000)
 ParOldGen       total 202240K, used 180698K [0x00000000d6600000, 0x00000000e2b80000, 0x00000000f2200000)
  object space 202240K, 89% used [0x00000000d6600000,0x00000000e16768f0,0x00000000e2b80000)
 PSPermGen       total 147968K, used 108388K [0x00000000cc000000, 0x00000000d5080000, 0x00000000d6600000)
  object space 147968K, 73% used [0x00000000cc000000,0x00000000d29d92e8,0x00000000d5080000)
Event: 180463.645 GC heap after
Heap after GC invocations=1612 (full 9):
 PSYoungGen      total 152576K, used 49856K [0x00000000f2200000, 0x0000000100000000, 0x0000000100000000)
  eden space 80896K, 0% used [0x00000000f2200000,0x00000000f2200000,0x00000000f7100000)
  from space 71680K, 69% used [0x00000000f7100000,0x00000000fa1b0000,0x00000000fb700000)
  to   space 71680K, 0% used [0x00000000fba00000,0x00000000fba00000,0x0000000100000000)
 ParOldGen       total 202240K, used 181200K [0x00000000d6600000, 0x00000000e2b80000, 0x00000000f2200000)
  object space 202240K, 89% used [0x00000000d6600000,0x00000000e16f4170,0x00000000e2b80000)
 PSPermGen       total 147968K, used 108388K [0x00000000cc000000, 0x00000000d5080000, 0x00000000d6600000)
  object space 147968K, 73% used [0x00000000cc000000,0x00000000d29d92e8,0x00000000d5080000)
}
Event: 180464.406 GC heap before
{Heap before GC invocations=1613 (full 9):
 PSYoungGen      total 152576K, used 130752K [0x00000000f2200000, 0x0000000100000000, 0x0000000100000000)
  eden space 80896K, 100% used [0x00000000f2200000,0x00000000f7100000,0x00000000f7100000)
  from space 71680K, 69% used [0x00000000f7100000,0x00000000fa1b0000,0x00000000fb700000)
  to   space 71680K, 0% used [0x00000000fba00000,0x00000000fba00000,0x0000000100000000)
 ParOldGen       total 202240K, used 181200K [0x00000000d6600000, 0x00000000e2b80000, 0x00000000f2200000)
  object space 202240K, 89% used [0x00000000d6600000,0x00000000e16f4170,0x00000000e2b80000)
 PSPermGen       total 147968K, used 108388K [0x00000000cc000000, 0x00000000d5080000, 0x00000000d6600000)
  object space 147968K, 73% used [0x00000000cc000000,0x00000000d29d92e8,0x00000000d5080000)
Event: 180464.483 GC heap after
Heap after GC invocations=1613 (full 9):
 PSYoungGen      total 155648K, used 50528K [0x00000000f2200000, 0x0000000100000000, 0x0000000100000000)
  eden space 83968K, 0% used [0x00000000f2200000,0x00000000f2200000,0x00000000f7400000)
  from space 71680K, 70% used [0x00000000fba00000,0x00000000feb58000,0x0000000100000000)
  to   space 71680K, 0% used [0x00000000f7400000,0x00000000f7400000,0x00000000fba00000)
 ParOldGen       total 202240K, used 183658K [0x00000000d6600000, 0x00000000e2b80000, 0x00000000f2200000)
  object space 202240K, 90% used [0x00000000d6600000,0x00000000e195aac8,0x00000000e2b80000)
 PSPermGen       total 147968K, used 108388K [0x00000000cc000000, 0x00000000d5080000, 0x00000000d6600000)
  object space 147968K, 73% used [0x00000000cc000000,0x00000000d29d92e8,0x00000000d5080000)
}
Event: 180465.557 GC heap before
{Heap before GC invocations=1614 (full 9):
 PSYoungGen      total 155648K, used 134496K [0x00000000f2200000, 0x0000000100000000, 0x0000000100000000)
  eden space 83968K, 100% used [0x00000000f2200000,0x00000000f7400000,0x00000000f7400000)
  from space 71680K, 70% used [0x00000000fba00000,0x00000000feb58000,0x0000000100000000)
  to   space 71680K, 0% used [0x00000000f7400000,0x00000000f7400000,0x00000000fba00000)
 ParOldGen       total 202240K, used 183658K [0x00000000d6600000, 0x00000000e2b80000, 0x00000000f2200000)
  object space 202240K, 90% used [0x00000000d6600000,0x00000000e195aac8,0x00000000e2b80000)
 PSPermGen       total 147968K, used 108388K [0x00000000cc000000, 0x00000000d5080000, 0x00000000d6600000)
  object space 147968K, 73% used [0x00000000cc000000,0x00000000d29d92e8,0x00000000d5080000)
Event: 180465.662 GC heap after
Heap after GC invocations=1614 (full 9):
 PSYoungGen      total 155648K, used 51392K [0x00000000f2200000, 0x0000000100000000, 0x0000000100000000)
  eden space 83968K, 0% used [0x00000000f2200000,0x00000000f2200000,0x00000000f7400000)
  from space 71680K, 71% used [0x00000000f7400000,0x00000000fa630000,0x00000000fba00000)
  to   space 71680K, 0% used [0x00000000fba00000,0x00000000fba00000,0x0000000100000000)
 ParOldGen       total 202240K, used 192965K [0x00000000d6600000, 0x00000000e2b80000, 0x00000000f2200000)
  object space 202240K, 95% used [0x00000000d6600000,0x00000000e2271478,0x00000000e2b80000)
 PSPermGen       total 147968K, used 108388K [0x00000000cc000000, 0x00000000d5080000, 0x00000000d6600000)
  object space 147968K, 73% used [0x00000000cc000000,0x00000000d29d92e8,0x00000000d5080000)
}
Event: 180465.663 GC heap before
{Heap before GC invocations=1615 (full 10):
 PSYoungGen      total 155648K, used 51392K [0x00000000f2200000, 0x0000000100000000, 0x0000000100000000)
  eden space 83968K, 0% used [0x00000000f2200000,0x00000000f2200000,0x00000000f7400000)
  from space 71680K, 71% used [0x00000000f7400000,0x00000000fa630000,0x00000000fba00000)
  to   space 71680K, 0% used [0x00000000fba00000,0x00000000fba00000,0x0000000100000000)
 ParOldGen       total 202240K, used 192965K [0x00000000d6600000, 0x00000000e2b80000, 0x00000000f2200000)
  object space 202240K, 95% used [0x00000000d6600000,0x00000000e2271478,0x00000000e2b80000)
 PSPermGen       total 147968K, used 108388K [0x00000000cc000000, 0x00000000d5080000, 0x00000000d6600000)
  object space 147968K, 73% used [0x00000000cc000000,0x00000000d29d92e8,0x00000000d5080000)

